<?xml version="1.0" encoding="UTF-8"?>
<!-- Generated by org.testng.reporters.JUnitReportReporter -->
<testsuite hostname="LAPTOP-3RMMHP55" failures="0" tests="3" name="com.booker.tests.booking.UpdateExistingBooking" time="6.938" errors="0" timestamp="2025-07-17T21:43:48 IST" skipped="0">
  <testcase classname="com.booker.tests.booking.UpdateExistingBooking" name="getTokenForBookingUpdate" time="1.853"/>
  <testcase classname="com.booker.tests.booking.UpdateExistingBooking" name="getListOfAllBookingId" time="3.327"/>
  <testcase classname="com.booker.tests.booking.UpdateExistingBooking" name="updateExistingBooking" time="1.758"/>
</testsuite> <!-- com.booker.tests.booking.UpdateExistingBooking -->
