<?xml version="1.0" encoding="UTF-8"?>
<!-- Generated by org.testng.reporters.JUnitReportReporter -->
<testsuite hostname="LAPTOP-3RMMHP55" failures="0" tests="3" name="com.booker.tests.booking.PartiallyUpdateExistingBooking" time="5.807" errors="0" timestamp="2025-07-17T21:43:48 IST" skipped="0">
  <testcase classname="com.booker.tests.booking.PartiallyUpdateExistingBooking" name="getTokenForBookingUpdate" time="1.764"/>
  <testcase classname="com.booker.tests.booking.PartiallyUpdateExistingBooking" name="getListOfAllBookingId" time="2.277"/>
  <testcase classname="com.booker.tests.booking.PartiallyUpdateExistingBooking" name="partiallyUpdateBooking" time="1.766"/>
</testsuite> <!-- com.booker.tests.booking.PartiallyUpdateExistingBooking -->
