<?xml version="1.0" encoding="UTF-8"?>
<!-- Generated by org.testng.reporters.JUnitReportReporter -->
<testsuite hostname="LAPTOP-3RMMHP55" failures="0" tests="5" name="com.booker.tests.booking.DeleteBooking" time="10.475" errors="0" timestamp="2025-07-17T21:43:48 IST" skipped="0">
  <testcase classname="com.booker.tests.booking.DeleteBooking" name="getTokenForBookingUpdate" time="1.889"/>
  <testcase classname="com.booker.tests.booking.DeleteBooking" name="getListOfAllBookingId" time="2.194"/>
  <testcase classname="com.booker.tests.booking.DeleteBooking" name="getBookingBeforeDelete" time="1.714"/>
  <testcase classname="com.booker.tests.booking.DeleteBooking" name="deleteExistingBooking" time="1.688"/>
  <testcase classname="com.booker.tests.booking.DeleteBooking" name="getBookingAfterDelete" time="2.990"/>
</testsuite> <!-- com.booker.tests.booking.DeleteBooking -->
