<?xml version="1.0" encoding="UTF-8"?>
<!-- Generated by org.testng.reporters.JUnitReportReporter -->
<testsuite hostname="LAPTOP-3RMMHP55" failures="0" tests="2" name="com.booker.tests.booking.GetBookingById" time="4.270" errors="0" timestamp="2025-07-17T21:43:48 IST" skipped="0">
  <testcase classname="com.booker.tests.booking.GetBookingById" name="getListOfAllBookingId" time="2.564"/>
  <testcase classname="com.booker.tests.booking.GetBookingById" name="getBookingInformationById" time="1.706"/>
</testsuite> <!-- com.booker.tests.booking.GetBookingById -->
