<?xml version="1.0" encoding="UTF-8"?>
<!-- Generated by org.testng.reporters.JUnitReportReporter -->
<testsuite hostname="LAPTOP-3RMMHP55" failures="0" tests="1" name="com.booker.tests.ping.CheckHealth" time="3.558" errors="0" timestamp="2025-07-17T21:43:48 IST" skipped="0">
  <testcase classname="com.booker.tests.ping.CheckHealth" name="checkApiHealth" time="3.558"/>
</testsuite> <!-- com.booker.tests.ping.CheckHealth -->
