<?xml version="1.0" encoding="UTF-8"?>
<!-- Generated by org.testng.reporters.JUnitReportReporter -->
<testsuite hostname="LAPTOP-3RMMHP55" failures="0" tests="2" name="com.booker.tests.booking.CreateBooking" time="6.209" errors="0" timestamp="2025-07-17T21:43:48 IST" skipped="0">
  <testcase classname="com.booker.tests.booking.CreateBooking" name="createBookingForUser" time="3.612"/>
  <testcase classname="com.booker.tests.booking.CreateBooking" name="getBookingInformationById" time="2.597"/>
</testsuite> <!-- com.booker.tests.booking.CreateBooking -->
